<html>
<head>
<title>TestNG:  IPHONE-5S</title>
<link href="../testng.css" rel="stylesheet" type="text/css" />
<link href="../my-testng.css" rel="stylesheet" type="text/css" />

<style type="text/css">
.log { display: none;} 
.stack-trace { display: none;} 
</style>
<script type="text/javascript">
<!--
function flip(e) {
  current = e.style.display;
  if (current == 'block') {
    e.style.display = 'none';
    return 0;
  }
  else {
    e.style.display = 'block';
    return 1;
  }
}

function toggleBox(szDivId, elem, msg1, msg2)
{
  var res = -1;  if (document.getElementById) {
    res = flip(document.getElementById(szDivId));
  }
  else if (document.all) {
    // this is the way old msie versions work
    res = flip(document.all[szDivId]);
  }
  if(elem) {
    if(res == 0) elem.innerHTML = msg1; else elem.innerHTML = msg2;
  }

}

function toggleAllBoxes() {
  if (document.getElementsByTagName) {
    d = document.getElementsByTagName('div');
    for (i = 0; i < d.length; i++) {
      if (d[i].className == 'log') {
        flip(d[i]);
      }
    }
  }
}

// -->
</script>

</head>
<body>
<h2 align='center'>IPHONE-5S</h2><table border='1' align="center">
<tr>
<td>Tests passed/Failed/Skipped:</td><td>4/3/0</td>
</tr><tr>
<td>Started on:</td><td>Fri Apr 15 16:44:48 CST 2016</td>
</tr>
<tr><td>Total time:</td><td>1889 seconds (1889798 ms)</td>
</tr><tr>
<td>Included groups:</td><td>p1 </td>
</tr><tr>
<td>Excluded groups:</td><td></td>
</tr>
</table><p/>
<small><i>(Hover the method name to see the test class name)</i></small><p/>
<table width='100%' border='1' class='invocation-failed'>
<tr><td colspan='4' align='center'><b>FAILED TESTS</b></td></tr>
<tr><td><b>Test method</b></td>
<td width="30%"><b>Exception</b></td>
<td width="10%"><b>Time (seconds)</b></td>
<td><b>Instance</b></td>
</tr>
<tr>
<td title='com.rym.libarary.testsuits.PersonalCenter_Test.LoginPersonalCenterByH5()'><b>LoginPersonalCenterByH5</b><br>Test class: com.rym.libarary.testsuits.PersonalCenter_Test<br>Parameters: 新个人中心, sjtest003, qweqwe123<br/>
<a href="#Output-1498438472" onClick='toggleBox("Output-1498438472", this, "Show output", "Hide output");'>Show output</a>

<a href="#Output-1498438472" onClick="toggleAllBoxes();">Show all outputs</a>
<div class='log' id="Output-1498438472">
2016-04-15 16:47:04 : [STEP] 个人中心用例1-1-2（插件为强登，用户未登陆），模拟h5一账通登录 开始跑<br/>
2016-04-15 16:47:04 : [INFO] 模拟向右滑动<br/>
2016-04-15 16:47:09 : [INFO] [Wait For Text : [新个人中心]] <br/>
2016-04-15 16:47:18 : [INFO] [点击 -> name: 新个人中心]<br/>
2016-04-15 16:47:24 : [INFO] [Wait For Text : [一账通号/手机号/身份证号/邮箱]] <br/>
2016-04-15 16:47:29 : [INFO] 已弹出登录<br/>
2016-04-15 16:47:35 : [INFO] [点击 -> xpath: //*[@value='一账通号/手机号/身份证号/邮箱']]<br/>
2016-04-15 16:47:47 : [INFO] [输入字符 -> xpath: //*[@value='一账通号/手机号/身份证号/邮箱']]<br/>
</div>
</td>
<td><div><pre>java.lang.reflect.InvocationTargetException
	at io.appium.java_client.pagefactory.ElementInterceptor.intercept(ElementInterceptor.java:31)
	at io.appium.java_client.ios.IOSElement$$EnhancerByCGLIB$$55680413.sendKeys(&lt;generated&gt;)
	at com.rym.libarary.base.operateFactory.AppOperate.sendKeys(AppOperate.java:180)
	at com.rym.libarary.business.Login.loginyztByH5(Login.java:44)
	at com.rym.libarary.testsuits.PersonalCenter_Test.LoginPersonalCenterByH5(PersonalCenter_Test.java:28)
Caused by: org.openqa.selenium.WebDriverException: An error occurred while executing user supplied JavaScript. (WARNING: The server did not provide any stacktrace information)
Command duration or timeout: 1.92 seconds
Build info: version: &apos;2.46.0&apos;, revision: &apos;87c69e2&apos;, time: &apos;2015-06-04 16:17:10&apos;
System info: host: &apos;rymtestdeMac-mini.local&apos;, ip: &apos;10.180.186.64&apos;, os.name: &apos;Mac OS X&apos;, os.arch: &apos;x86_64&apos;, os.version: &apos;10.10.5&apos;, java.version: &apos;1.8.0_40&apos;
Driver info: io.appium.java_client.ios.IOSDriver
Capabilities [{app=/Users/rymtest/Desktop/app_package/PAAnydoorSDK1130-1108.ipa, appPackage=, networkConnectionEnabled=false, warnings={}, appiumVersion=1.0, databaseEnabled=false, deviceName=娱乐 (2), platform=MAC, appActivity=, desired={app=/Users/rymtest/Desktop/app_package/PAAnydoorSDK1130-1108.ipa, appPackage=, appActivity=, appiumVersion=1.0, platformVersion=9.0, unicodeKeyboard=true, platformName=iOS, udid=8f023bbd000d58e34cfea2fdca1a8901d3123291, deviceName=娱乐 (2), resetKeyboard=true, autoAcceptAlerts=true}, platformVersion=9.0, webStorageEnabled=false, locationContextEnabled=false, browserName=iOS, takesScreenshot=true, javascriptEnabled=true, unicodeKeyboard=true, platformName=iOS, udid=8f023bbd000d58e34cfea2fdca1a8901d3123291, resetKeyboard=true, autoAcceptAlerts=true}]
Session ID: c31dc8f1-fe22-4ef4-ba4d-1b99c8aee2a8
	at org.openqa.selenium.remote.ErrorHandler.createThrowable(ErrorHandler.java:204)
	at org.openqa.selenium.remote.ErrorHandler.throwIfResponseFailed(ErrorHandler.java:156)
	at org.openqa.selenium.remote.RemoteWebDriver.execute(RemoteWebDriver.java:605)
	at io.appium.java_client.DefaultGenericMobileDriver.execute(DefaultGenericMobileDriver.java:27)
	at io.appium.java_client.AppiumDriver.execute(AppiumDriver.java:1)
	at io.appium.java_client.ios.IOSDriver.execute(IOSDriver.java:1)
	at org.openqa.selenium.remote.RemoteWebElement.execute(RemoteWebElement.java:269)
	at io.appium.java_client.DefaultGenericMobileElement.execute(DefaultGenericMobileElement.java:27)
	at io.appium.java_client.MobileElement.execute(MobileElement.java:1)
	at io.appium.java_client.ios.IOSElement.execute(IOSElement.java:1)
	at org.openqa.selenium.remote.RemoteWebElement.sendKeys(RemoteWebElement.java:90)
	... 33 more
... Removed 32 stack frames</pre></div><a href='#' onClick='toggleBox("stack-trace1498438472", this, "Click to show all stack frames", "Click to hide stack frames")'>Click to show all stack frames</a>
<div class='stack-trace' id='stack-trace1498438472'><pre>java.lang.reflect.InvocationTargetException
	at sun.reflect.NativeMethodAccessorImpl.invoke0(Native Method)
	at sun.reflect.NativeMethodAccessorImpl.invoke(NativeMethodAccessorImpl.java:62)
	at sun.reflect.DelegatingMethodAccessorImpl.invoke(DelegatingMethodAccessorImpl.java:43)
	at java.lang.reflect.Method.invoke(Method.java:497)
	at io.appium.java_client.pagefactory.ElementInterceptor.intercept(ElementInterceptor.java:31)
	at io.appium.java_client.ios.IOSElement$$EnhancerByCGLIB$$55680413.sendKeys(&lt;generated&gt;)
	at com.rym.libarary.base.operateFactory.AppOperate.sendKeys(AppOperate.java:180)
	at com.rym.libarary.business.Login.loginyztByH5(Login.java:44)
	at com.rym.libarary.testsuits.PersonalCenter_Test.LoginPersonalCenterByH5(PersonalCenter_Test.java:28)
	at sun.reflect.NativeMethodAccessorImpl.invoke0(Native Method)
	at sun.reflect.NativeMethodAccessorImpl.invoke(NativeMethodAccessorImpl.java:62)
	at sun.reflect.DelegatingMethodAccessorImpl.invoke(DelegatingMethodAccessorImpl.java:43)
	at java.lang.reflect.Method.invoke(Method.java:497)
	at org.testng.internal.MethodInvocationHelper.invokeMethod(MethodInvocationHelper.java:84)
	at org.testng.internal.Invoker.invokeMethod(Invoker.java:714)
	at org.testng.internal.Invoker.invokeTestMethod(Invoker.java:901)
	at org.testng.internal.Invoker.invokeTestMethods(Invoker.java:1231)
	at org.testng.internal.TestMethodWorker.invokeTestMethods(TestMethodWorker.java:127)
	at org.testng.internal.TestMethodWorker.run(TestMethodWorker.java:111)
	at org.testng.TestRunner.privateRun(TestRunner.java:767)
	at org.testng.TestRunner.run(TestRunner.java:617)
	at org.testng.SuiteRunner.runTest(SuiteRunner.java:334)
	at org.testng.SuiteRunner.runSequentially(SuiteRunner.java:329)
	at org.testng.SuiteRunner.privateRun(SuiteRunner.java:291)
	at org.testng.SuiteRunner.run(SuiteRunner.java:240)
	at org.testng.SuiteRunnerWorker.runSuite(SuiteRunnerWorker.java:52)
	at org.testng.SuiteRunnerWorker.run(SuiteRunnerWorker.java:86)
	at org.testng.TestNG.runSuitesSequentially(TestNG.java:1224)
	at org.testng.TestNG.runSuitesLocally(TestNG.java:1149)
	at org.testng.TestNG.run(TestNG.java:1057)
	at org.testng.remote.RemoteTestNG.run(RemoteTestNG.java:111)
	at org.testng.remote.RemoteTestNG.initAndRun(RemoteTestNG.java:204)
	at org.testng.remote.RemoteTestNG.main(RemoteTestNG.java:175)
Caused by: org.openqa.selenium.WebDriverException: An error occurred while executing user supplied JavaScript. (WARNING: The server did not provide any stacktrace information)
Command duration or timeout: 1.92 seconds
Build info: version: &apos;2.46.0&apos;, revision: &apos;87c69e2&apos;, time: &apos;2015-06-04 16:17:10&apos;
System info: host: &apos;rymtestdeMac-mini.local&apos;, ip: &apos;10.180.186.64&apos;, os.name: &apos;Mac OS X&apos;, os.arch: &apos;x86_64&apos;, os.version: &apos;10.10.5&apos;, java.version: &apos;1.8.0_40&apos;
Driver info: io.appium.java_client.ios.IOSDriver
Capabilities [{app=/Users/rymtest/Desktop/app_package/PAAnydoorSDK1130-1108.ipa, appPackage=, networkConnectionEnabled=false, warnings={}, appiumVersion=1.0, databaseEnabled=false, deviceName=娱乐 (2), platform=MAC, appActivity=, desired={app=/Users/rymtest/Desktop/app_package/PAAnydoorSDK1130-1108.ipa, appPackage=, appActivity=, appiumVersion=1.0, platformVersion=9.0, unicodeKeyboard=true, platformName=iOS, udid=8f023bbd000d58e34cfea2fdca1a8901d3123291, deviceName=娱乐 (2), resetKeyboard=true, autoAcceptAlerts=true}, platformVersion=9.0, webStorageEnabled=false, locationContextEnabled=false, browserName=iOS, takesScreenshot=true, javascriptEnabled=true, unicodeKeyboard=true, platformName=iOS, udid=8f023bbd000d58e34cfea2fdca1a8901d3123291, resetKeyboard=true, autoAcceptAlerts=true}]
Session ID: c31dc8f1-fe22-4ef4-ba4d-1b99c8aee2a8
	at sun.reflect.NativeConstructorAccessorImpl.newInstance0(Native Method)
	at sun.reflect.NativeConstructorAccessorImpl.newInstance(NativeConstructorAccessorImpl.java:62)
	at sun.reflect.DelegatingConstructorAccessorImpl.newInstance(DelegatingConstructorAccessorImpl.java:45)
	at java.lang.reflect.Constructor.newInstance(Constructor.java:422)
	at org.openqa.selenium.remote.ErrorHandler.createThrowable(ErrorHandler.java:204)
	at org.openqa.selenium.remote.ErrorHandler.throwIfResponseFailed(ErrorHandler.java:156)
	at org.openqa.selenium.remote.RemoteWebDriver.execute(RemoteWebDriver.java:605)
	at io.appium.java_client.DefaultGenericMobileDriver.execute(DefaultGenericMobileDriver.java:27)
	at io.appium.java_client.AppiumDriver.execute(AppiumDriver.java:1)
	at io.appium.java_client.ios.IOSDriver.execute(IOSDriver.java:1)
	at org.openqa.selenium.remote.RemoteWebElement.execute(RemoteWebElement.java:269)
	at io.appium.java_client.DefaultGenericMobileElement.execute(DefaultGenericMobileElement.java:27)
	at io.appium.java_client.MobileElement.execute(MobileElement.java:1)
	at io.appium.java_client.ios.IOSElement.execute(IOSElement.java:1)
	at org.openqa.selenium.remote.RemoteWebElement.sendKeys(RemoteWebElement.java:90)
	... 33 more
</pre></div></td>
<td>48</td>
<td>com.rym.libarary.testsuits.PersonalCenter_Test@2344fc66</td></tr>
<tr>
<td title='com.rym.libarary.testsuits.PersonalCenter_Test.LoginPersonalCenterByH5BeforNoYZT()'><b>LoginPersonalCenterByH5BeforNoYZT</b><br>Test class: com.rym.libarary.testsuits.PersonalCenter_Test<br>Parameters: 新个人中心, sjtest003, qweqwe123, rymtest001<br/>
<a href="#Output-1064265473" onClick='toggleBox("Output-1064265473", this, "Show output", "Hide output");'>Show output</a>

<a href="#Output-1064265473" onClick="toggleAllBoxes();">Show all outputs</a>
<div class='log' id="Output-1064265473">
2016-04-15 16:48:30 : [STEP] 个人中心用例1-2（插件为强登，用户非一账通登陆），模拟H5低门槛一账通登录 开始跑<br/>
2016-04-15 16:48:30 : [INFO] [Wait For Text : [非一账通]] <br/>
2016-04-15 16:48:37 : [INFO] [点击 -> name: 非一账通]<br/>
2016-04-15 16:48:41 : [INFO] [点击 -> name: 宿主登陆]<br/>
2016-04-15 16:48:43 : [INFO] [Wait For Text : [返回]] <br/>
2016-04-15 16:48:52 : [INFO] [点击 -> name: 选择登陆用户]<br/>
2016-04-15 16:48:59 : [INFO] [输入字符 -> xpath: //UIAPickerWheel]<br/>
2016-04-15 16:49:01 : [INFO] [点击 -> name: 确认]<br/>
2016-04-15 16:49:05 : [INFO] [点击 -> name: 登陆]<br/>
2016-04-15 16:49:28 : [INFO] [Wait For Text : [rymtest001]] <br/>
2016-04-15 16:49:33 : [INFO] 没有返回按钮<br/>
2016-04-15 16:49:34 : [INFO] 模拟向右滑动<br/>
2016-04-15 16:49:39 : [INFO] [Wait For Text : [新个人中心]] <br/>
2016-04-15 16:49:49 : [INFO] [点击 -> name: 新个人中心]<br/>
2016-04-15 16:49:55 : [INFO] [Wait For Text : [密码登录]] <br/>
2016-04-15 16:50:00 : [INFO] 已弹出登录<br/>
2016-04-15 16:50:03 : [INFO] [点击 -> xpath: //UIALink[@name='密码登录']]<br/>
2016-04-15 16:50:09 : [INFO] [Wait For Text : [注册账号]] <br/>
2016-04-15 16:50:20 : [INFO] [点击 -> xpath: //*[@value='请输入您的账号']]<br/>
2016-04-15 16:50:31 : [INFO] [输入字符 -> xpath: //*[@value='请输入您的账号']]<br/>
</div>
</td>
<td><div><pre>java.lang.reflect.InvocationTargetException
	at io.appium.java_client.pagefactory.ElementInterceptor.intercept(ElementInterceptor.java:31)
	at io.appium.java_client.ios.IOSElement$$EnhancerByCGLIB$$55680413.sendKeys(&lt;generated&gt;)
	at com.rym.libarary.base.operateFactory.AppOperate.sendKeys(AppOperate.java:180)
	at com.rym.libarary.business.Login.loginyztByLow(Login.java:133)
	at com.rym.libarary.testsuits.PersonalCenter_Test.LoginPersonalCenterByH5BeforNoYZT(PersonalCenter_Test.java:82)
Caused by: org.openqa.selenium.WebDriverException: An error occurred while executing user supplied JavaScript. (WARNING: The server did not provide any stacktrace information)
Command duration or timeout: 1.72 seconds
Build info: version: &apos;2.46.0&apos;, revision: &apos;87c69e2&apos;, time: &apos;2015-06-04 16:17:10&apos;
System info: host: &apos;rymtestdeMac-mini.local&apos;, ip: &apos;10.180.186.64&apos;, os.name: &apos;Mac OS X&apos;, os.arch: &apos;x86_64&apos;, os.version: &apos;10.10.5&apos;, java.version: &apos;1.8.0_40&apos;
Driver info: io.appium.java_client.ios.IOSDriver
Capabilities [{app=/Users/rymtest/Desktop/app_package/PAAnydoorSDK1130-1108.ipa, appPackage=, networkConnectionEnabled=false, warnings={}, appiumVersion=1.0, databaseEnabled=false, deviceName=娱乐 (2), platform=MAC, appActivity=, desired={app=/Users/rymtest/Desktop/app_package/PAAnydoorSDK1130-1108.ipa, appPackage=, appActivity=, appiumVersion=1.0, platformVersion=9.0, unicodeKeyboard=true, platformName=iOS, udid=8f023bbd000d58e34cfea2fdca1a8901d3123291, deviceName=娱乐 (2), resetKeyboard=true, autoAcceptAlerts=true}, platformVersion=9.0, webStorageEnabled=false, locationContextEnabled=false, browserName=iOS, takesScreenshot=true, javascriptEnabled=true, unicodeKeyboard=true, platformName=iOS, udid=8f023bbd000d58e34cfea2fdca1a8901d3123291, resetKeyboard=true, autoAcceptAlerts=true}]
Session ID: c31dc8f1-fe22-4ef4-ba4d-1b99c8aee2a8
	at org.openqa.selenium.remote.ErrorHandler.createThrowable(ErrorHandler.java:204)
	at org.openqa.selenium.remote.ErrorHandler.throwIfResponseFailed(ErrorHandler.java:156)
	at org.openqa.selenium.remote.RemoteWebDriver.execute(RemoteWebDriver.java:605)
	at io.appium.java_client.DefaultGenericMobileDriver.execute(DefaultGenericMobileDriver.java:27)
	at io.appium.java_client.AppiumDriver.execute(AppiumDriver.java:1)
	at io.appium.java_client.ios.IOSDriver.execute(IOSDriver.java:1)
	at org.openqa.selenium.remote.RemoteWebElement.execute(RemoteWebElement.java:269)
	at io.appium.java_client.DefaultGenericMobileElement.execute(DefaultGenericMobileElement.java:27)
	at io.appium.java_client.MobileElement.execute(MobileElement.java:1)
	at io.appium.java_client.ios.IOSElement.execute(IOSElement.java:1)
	at org.openqa.selenium.remote.RemoteWebElement.sendKeys(RemoteWebElement.java:90)
	... 33 more
... Removed 32 stack frames</pre></div><a href='#' onClick='toggleBox("stack-trace1064265473", this, "Click to show all stack frames", "Click to hide stack frames")'>Click to show all stack frames</a>
<div class='stack-trace' id='stack-trace1064265473'><pre>java.lang.reflect.InvocationTargetException
	at sun.reflect.NativeMethodAccessorImpl.invoke0(Native Method)
	at sun.reflect.NativeMethodAccessorImpl.invoke(NativeMethodAccessorImpl.java:62)
	at sun.reflect.DelegatingMethodAccessorImpl.invoke(DelegatingMethodAccessorImpl.java:43)
	at java.lang.reflect.Method.invoke(Method.java:497)
	at io.appium.java_client.pagefactory.ElementInterceptor.intercept(ElementInterceptor.java:31)
	at io.appium.java_client.ios.IOSElement$$EnhancerByCGLIB$$55680413.sendKeys(&lt;generated&gt;)
	at com.rym.libarary.base.operateFactory.AppOperate.sendKeys(AppOperate.java:180)
	at com.rym.libarary.business.Login.loginyztByLow(Login.java:133)
	at com.rym.libarary.testsuits.PersonalCenter_Test.LoginPersonalCenterByH5BeforNoYZT(PersonalCenter_Test.java:82)
	at sun.reflect.NativeMethodAccessorImpl.invoke0(Native Method)
	at sun.reflect.NativeMethodAccessorImpl.invoke(NativeMethodAccessorImpl.java:62)
	at sun.reflect.DelegatingMethodAccessorImpl.invoke(DelegatingMethodAccessorImpl.java:43)
	at java.lang.reflect.Method.invoke(Method.java:497)
	at org.testng.internal.MethodInvocationHelper.invokeMethod(MethodInvocationHelper.java:84)
	at org.testng.internal.Invoker.invokeMethod(Invoker.java:714)
	at org.testng.internal.Invoker.invokeTestMethod(Invoker.java:901)
	at org.testng.internal.Invoker.invokeTestMethods(Invoker.java:1231)
	at org.testng.internal.TestMethodWorker.invokeTestMethods(TestMethodWorker.java:127)
	at org.testng.internal.TestMethodWorker.run(TestMethodWorker.java:111)
	at org.testng.TestRunner.privateRun(TestRunner.java:767)
	at org.testng.TestRunner.run(TestRunner.java:617)
	at org.testng.SuiteRunner.runTest(SuiteRunner.java:334)
	at org.testng.SuiteRunner.runSequentially(SuiteRunner.java:329)
	at org.testng.SuiteRunner.privateRun(SuiteRunner.java:291)
	at org.testng.SuiteRunner.run(SuiteRunner.java:240)
	at org.testng.SuiteRunnerWorker.runSuite(SuiteRunnerWorker.java:52)
	at org.testng.SuiteRunnerWorker.run(SuiteRunnerWorker.java:86)
	at org.testng.TestNG.runSuitesSequentially(TestNG.java:1224)
	at org.testng.TestNG.runSuitesLocally(TestNG.java:1149)
	at org.testng.TestNG.run(TestNG.java:1057)
	at org.testng.remote.RemoteTestNG.run(RemoteTestNG.java:111)
	at org.testng.remote.RemoteTestNG.initAndRun(RemoteTestNG.java:204)
	at org.testng.remote.RemoteTestNG.main(RemoteTestNG.java:175)
Caused by: org.openqa.selenium.WebDriverException: An error occurred while executing user supplied JavaScript. (WARNING: The server did not provide any stacktrace information)
Command duration or timeout: 1.72 seconds
Build info: version: &apos;2.46.0&apos;, revision: &apos;87c69e2&apos;, time: &apos;2015-06-04 16:17:10&apos;
System info: host: &apos;rymtestdeMac-mini.local&apos;, ip: &apos;10.180.186.64&apos;, os.name: &apos;Mac OS X&apos;, os.arch: &apos;x86_64&apos;, os.version: &apos;10.10.5&apos;, java.version: &apos;1.8.0_40&apos;
Driver info: io.appium.java_client.ios.IOSDriver
Capabilities [{app=/Users/rymtest/Desktop/app_package/PAAnydoorSDK1130-1108.ipa, appPackage=, networkConnectionEnabled=false, warnings={}, appiumVersion=1.0, databaseEnabled=false, deviceName=娱乐 (2), platform=MAC, appActivity=, desired={app=/Users/rymtest/Desktop/app_package/PAAnydoorSDK1130-1108.ipa, appPackage=, appActivity=, appiumVersion=1.0, platformVersion=9.0, unicodeKeyboard=true, platformName=iOS, udid=8f023bbd000d58e34cfea2fdca1a8901d3123291, deviceName=娱乐 (2), resetKeyboard=true, autoAcceptAlerts=true}, platformVersion=9.0, webStorageEnabled=false, locationContextEnabled=false, browserName=iOS, takesScreenshot=true, javascriptEnabled=true, unicodeKeyboard=true, platformName=iOS, udid=8f023bbd000d58e34cfea2fdca1a8901d3123291, resetKeyboard=true, autoAcceptAlerts=true}]
Session ID: c31dc8f1-fe22-4ef4-ba4d-1b99c8aee2a8
	at sun.reflect.NativeConstructorAccessorImpl.newInstance0(Native Method)
	at sun.reflect.NativeConstructorAccessorImpl.newInstance(NativeConstructorAccessorImpl.java:62)
	at sun.reflect.DelegatingConstructorAccessorImpl.newInstance(DelegatingConstructorAccessorImpl.java:45)
	at java.lang.reflect.Constructor.newInstance(Constructor.java:422)
	at org.openqa.selenium.remote.ErrorHandler.createThrowable(ErrorHandler.java:204)
	at org.openqa.selenium.remote.ErrorHandler.throwIfResponseFailed(ErrorHandler.java:156)
	at org.openqa.selenium.remote.RemoteWebDriver.execute(RemoteWebDriver.java:605)
	at io.appium.java_client.DefaultGenericMobileDriver.execute(DefaultGenericMobileDriver.java:27)
	at io.appium.java_client.AppiumDriver.execute(AppiumDriver.java:1)
	at io.appium.java_client.ios.IOSDriver.execute(IOSDriver.java:1)
	at org.openqa.selenium.remote.RemoteWebElement.execute(RemoteWebElement.java:269)
	at io.appium.java_client.DefaultGenericMobileElement.execute(DefaultGenericMobileElement.java:27)
	at io.appium.java_client.MobileElement.execute(MobileElement.java:1)
	at io.appium.java_client.ios.IOSElement.execute(IOSElement.java:1)
	at org.openqa.selenium.remote.RemoteWebElement.sendKeys(RemoteWebElement.java:90)
	... 33 more
</pre></div></td>
<td>125</td>
<td>com.rym.libarary.testsuits.PersonalCenter_Test@2344fc66</td></tr>
<tr>
<td title='com.rym.libarary.testsuits.PersonalCenter_Test.LoginYztTimeout()'><b>LoginYztTimeout</b><br>Test class: com.rym.libarary.testsuits.PersonalCenter_Test<br>Parameters: 新个人中心, sjtest003, qweqwe123<br/>
<a href="#Output-33533830" onClick='toggleBox("Output-33533830", this, "Show output", "Hide output");'>Show output</a>

<a href="#Output-33533830" onClick="toggleAllBoxes();">Show all outputs</a>
<div class='log' id="Output-33533830">
2016-04-15 17:14:50 : [STEP]  个人中心用例1-4-1（插件为强登，用户已登陆），超时后点击 开始跑<br/>
2016-04-15 17:14:50 : [INFO] 模拟向右滑动<br/>
2016-04-15 17:14:56 : [INFO] [Wait For Text : [新个人中心]] <br/>
2016-04-15 17:15:05 : [INFO] [点击 -> name: 新个人中心]<br/>
2016-04-15 17:15:11 : [INFO] [Wait For Text : [一账通号/手机号/身份证号/邮箱]] <br/>
2016-04-15 17:15:16 : [INFO] 已弹出登录<br/>
2016-04-15 17:15:22 : [INFO] [点击 -> xpath: //*[@value='一账通号/手机号/身份证号/邮箱']]<br/>
2016-04-15 17:15:34 : [INFO] [输入字符 -> xpath: //*[@value='一账通号/手机号/身份证号/邮箱']]<br/>
</div>
</td>
<td><div><pre>java.lang.reflect.InvocationTargetException
	at io.appium.java_client.pagefactory.ElementInterceptor.intercept(ElementInterceptor.java:31)
	at io.appium.java_client.ios.IOSElement$$EnhancerByCGLIB$$55680413.sendKeys(&lt;generated&gt;)
	at com.rym.libarary.base.operateFactory.AppOperate.sendKeys(AppOperate.java:180)
	at com.rym.libarary.business.Login.loginyztByH5(Login.java:44)
	at com.rym.libarary.testsuits.PersonalCenter_Test.LoginYztTimeout(PersonalCenter_Test.java:122)
Caused by: org.openqa.selenium.WebDriverException: An error occurred while executing user supplied JavaScript. (WARNING: The server did not provide any stacktrace information)
Command duration or timeout: 1.97 seconds
Build info: version: &apos;2.46.0&apos;, revision: &apos;87c69e2&apos;, time: &apos;2015-06-04 16:17:10&apos;
System info: host: &apos;rymtestdeMac-mini.local&apos;, ip: &apos;10.180.186.64&apos;, os.name: &apos;Mac OS X&apos;, os.arch: &apos;x86_64&apos;, os.version: &apos;10.10.5&apos;, java.version: &apos;1.8.0_40&apos;
Driver info: io.appium.java_client.ios.IOSDriver
Capabilities [{app=/Users/rymtest/Desktop/app_package/PAAnydoorSDK1130-1108.ipa, appPackage=, networkConnectionEnabled=false, warnings={}, appiumVersion=1.0, databaseEnabled=false, deviceName=娱乐 (2), platform=MAC, appActivity=, desired={app=/Users/rymtest/Desktop/app_package/PAAnydoorSDK1130-1108.ipa, appPackage=, appActivity=, appiumVersion=1.0, platformVersion=9.0, unicodeKeyboard=true, platformName=iOS, udid=8f023bbd000d58e34cfea2fdca1a8901d3123291, deviceName=娱乐 (2), resetKeyboard=true, autoAcceptAlerts=true}, platformVersion=9.0, webStorageEnabled=false, locationContextEnabled=false, browserName=iOS, takesScreenshot=true, javascriptEnabled=true, unicodeKeyboard=true, platformName=iOS, udid=8f023bbd000d58e34cfea2fdca1a8901d3123291, resetKeyboard=true, autoAcceptAlerts=true}]
Session ID: c31dc8f1-fe22-4ef4-ba4d-1b99c8aee2a8
	at org.openqa.selenium.remote.ErrorHandler.createThrowable(ErrorHandler.java:204)
	at org.openqa.selenium.remote.ErrorHandler.throwIfResponseFailed(ErrorHandler.java:156)
	at org.openqa.selenium.remote.RemoteWebDriver.execute(RemoteWebDriver.java:605)
	at io.appium.java_client.DefaultGenericMobileDriver.execute(DefaultGenericMobileDriver.java:27)
	at io.appium.java_client.AppiumDriver.execute(AppiumDriver.java:1)
	at io.appium.java_client.ios.IOSDriver.execute(IOSDriver.java:1)
	at org.openqa.selenium.remote.RemoteWebElement.execute(RemoteWebElement.java:269)
	at io.appium.java_client.DefaultGenericMobileElement.execute(DefaultGenericMobileElement.java:27)
	at io.appium.java_client.MobileElement.execute(MobileElement.java:1)
	at io.appium.java_client.ios.IOSElement.execute(IOSElement.java:1)
	at org.openqa.selenium.remote.RemoteWebElement.sendKeys(RemoteWebElement.java:90)
	... 33 more
... Removed 32 stack frames</pre></div><a href='#' onClick='toggleBox("stack-trace33533830", this, "Click to show all stack frames", "Click to hide stack frames")'>Click to show all stack frames</a>
<div class='stack-trace' id='stack-trace33533830'><pre>java.lang.reflect.InvocationTargetException
	at sun.reflect.NativeMethodAccessorImpl.invoke0(Native Method)
	at sun.reflect.NativeMethodAccessorImpl.invoke(NativeMethodAccessorImpl.java:62)
	at sun.reflect.DelegatingMethodAccessorImpl.invoke(DelegatingMethodAccessorImpl.java:43)
	at java.lang.reflect.Method.invoke(Method.java:497)
	at io.appium.java_client.pagefactory.ElementInterceptor.intercept(ElementInterceptor.java:31)
	at io.appium.java_client.ios.IOSElement$$EnhancerByCGLIB$$55680413.sendKeys(&lt;generated&gt;)
	at com.rym.libarary.base.operateFactory.AppOperate.sendKeys(AppOperate.java:180)
	at com.rym.libarary.business.Login.loginyztByH5(Login.java:44)
	at com.rym.libarary.testsuits.PersonalCenter_Test.LoginYztTimeout(PersonalCenter_Test.java:122)
	at sun.reflect.NativeMethodAccessorImpl.invoke0(Native Method)
	at sun.reflect.NativeMethodAccessorImpl.invoke(NativeMethodAccessorImpl.java:62)
	at sun.reflect.DelegatingMethodAccessorImpl.invoke(DelegatingMethodAccessorImpl.java:43)
	at java.lang.reflect.Method.invoke(Method.java:497)
	at org.testng.internal.MethodInvocationHelper.invokeMethod(MethodInvocationHelper.java:84)
	at org.testng.internal.Invoker.invokeMethod(Invoker.java:714)
	at org.testng.internal.Invoker.invokeTestMethod(Invoker.java:901)
	at org.testng.internal.Invoker.invokeTestMethods(Invoker.java:1231)
	at org.testng.internal.TestMethodWorker.invokeTestMethods(TestMethodWorker.java:127)
	at org.testng.internal.TestMethodWorker.run(TestMethodWorker.java:111)
	at org.testng.TestRunner.privateRun(TestRunner.java:767)
	at org.testng.TestRunner.run(TestRunner.java:617)
	at org.testng.SuiteRunner.runTest(SuiteRunner.java:334)
	at org.testng.SuiteRunner.runSequentially(SuiteRunner.java:329)
	at org.testng.SuiteRunner.privateRun(SuiteRunner.java:291)
	at org.testng.SuiteRunner.run(SuiteRunner.java:240)
	at org.testng.SuiteRunnerWorker.runSuite(SuiteRunnerWorker.java:52)
	at org.testng.SuiteRunnerWorker.run(SuiteRunnerWorker.java:86)
	at org.testng.TestNG.runSuitesSequentially(TestNG.java:1224)
	at org.testng.TestNG.runSuitesLocally(TestNG.java:1149)
	at org.testng.TestNG.run(TestNG.java:1057)
	at org.testng.remote.RemoteTestNG.run(RemoteTestNG.java:111)
	at org.testng.remote.RemoteTestNG.initAndRun(RemoteTestNG.java:204)
	at org.testng.remote.RemoteTestNG.main(RemoteTestNG.java:175)
Caused by: org.openqa.selenium.WebDriverException: An error occurred while executing user supplied JavaScript. (WARNING: The server did not provide any stacktrace information)
Command duration or timeout: 1.97 seconds
Build info: version: &apos;2.46.0&apos;, revision: &apos;87c69e2&apos;, time: &apos;2015-06-04 16:17:10&apos;
System info: host: &apos;rymtestdeMac-mini.local&apos;, ip: &apos;10.180.186.64&apos;, os.name: &apos;Mac OS X&apos;, os.arch: &apos;x86_64&apos;, os.version: &apos;10.10.5&apos;, java.version: &apos;1.8.0_40&apos;
Driver info: io.appium.java_client.ios.IOSDriver
Capabilities [{app=/Users/rymtest/Desktop/app_package/PAAnydoorSDK1130-1108.ipa, appPackage=, networkConnectionEnabled=false, warnings={}, appiumVersion=1.0, databaseEnabled=false, deviceName=娱乐 (2), platform=MAC, appActivity=, desired={app=/Users/rymtest/Desktop/app_package/PAAnydoorSDK1130-1108.ipa, appPackage=, appActivity=, appiumVersion=1.0, platformVersion=9.0, unicodeKeyboard=true, platformName=iOS, udid=8f023bbd000d58e34cfea2fdca1a8901d3123291, deviceName=娱乐 (2), resetKeyboard=true, autoAcceptAlerts=true}, platformVersion=9.0, webStorageEnabled=false, locationContextEnabled=false, browserName=iOS, takesScreenshot=true, javascriptEnabled=true, unicodeKeyboard=true, platformName=iOS, udid=8f023bbd000d58e34cfea2fdca1a8901d3123291, resetKeyboard=true, autoAcceptAlerts=true}]
Session ID: c31dc8f1-fe22-4ef4-ba4d-1b99c8aee2a8
	at sun.reflect.NativeConstructorAccessorImpl.newInstance0(Native Method)
	at sun.reflect.NativeConstructorAccessorImpl.newInstance(NativeConstructorAccessorImpl.java:62)
	at sun.reflect.DelegatingConstructorAccessorImpl.newInstance(DelegatingConstructorAccessorImpl.java:45)
	at java.lang.reflect.Constructor.newInstance(Constructor.java:422)
	at org.openqa.selenium.remote.ErrorHandler.createThrowable(ErrorHandler.java:204)
	at org.openqa.selenium.remote.ErrorHandler.throwIfResponseFailed(ErrorHandler.java:156)
	at org.openqa.selenium.remote.RemoteWebDriver.execute(RemoteWebDriver.java:605)
	at io.appium.java_client.DefaultGenericMobileDriver.execute(DefaultGenericMobileDriver.java:27)
	at io.appium.java_client.AppiumDriver.execute(AppiumDriver.java:1)
	at io.appium.java_client.ios.IOSDriver.execute(IOSDriver.java:1)
	at org.openqa.selenium.remote.RemoteWebElement.execute(RemoteWebElement.java:269)
	at io.appium.java_client.DefaultGenericMobileElement.execute(DefaultGenericMobileElement.java:27)
	at io.appium.java_client.MobileElement.execute(MobileElement.java:1)
	at io.appium.java_client.ios.IOSElement.execute(IOSElement.java:1)
	at org.openqa.selenium.remote.RemoteWebElement.sendKeys(RemoteWebElement.java:90)
	... 33 more
</pre></div></td>
<td>49</td>
<td>com.rym.libarary.testsuits.PersonalCenter_Test@2344fc66</td></tr>
</table><p>
<table width='100%' border='1' class='invocation-passed'>
<tr><td colspan='4' align='center'><b>PASSED TESTS</b></td></tr>
<tr><td><b>Test method</b></td>
<td width="30%"><b>Exception</b></td>
<td width="10%"><b>Time (seconds)</b></td>
<td><b>Instance</b></td>
</tr>
<tr>
<td title='com.rym.libarary.testsuits.PersonalCenter_Test.ClickMsgCenter()'><b>ClickMsgCenter</b><br>Test class: com.rym.libarary.testsuits.PersonalCenter_Test<br>Parameters: 消息中心<br/>
<a href="#Output-1627396964" onClick='toggleBox("Output-1627396964", this, "Show output", "Hide output");'>Show output</a>

<a href="#Output-1627396964" onClick="toggleAllBoxes();">Show all outputs</a>
<div class='log' id="Output-1627396964">
2016-04-15 16:46:00 : [STEP] 个人中心用例1-5 插件不配置强登， 例如消息中心 开始跑<br/>
2016-04-15 16:46:00 : [INFO] 模拟向右滑动<br/>
2016-04-15 16:46:05 : [INFO] [Wait For Text : [消息中心]] <br/>
2016-04-15 16:46:14 : [INFO] [点击 -> name: 消息中心]<br/>
2016-04-15 16:46:20 : [INFO] [Wait For Text : [重要]] <br/>
2016-04-15 16:46:26 : [INFO] 个人中心用例1-5 插件不配置强登， 例如消息中心 测试通过<br/>
</div>
</td>
<td></td>
<td>26</td>
<td>com.rym.libarary.testsuits.PersonalCenter_Test@2344fc66</td></tr>
<tr>
<td title='com.rym.libarary.testsuits.PersonalCenter_Test.LoginPersonalCenterByHost()'><b>LoginPersonalCenterByHost</b><br>Test class: com.rym.libarary.testsuits.PersonalCenter_Test<br>Parameters: 新个人中心, rymtest001<br/>
<a href="#Output-1297502382" onClick='toggleBox("Output-1297502382", this, "Show output", "Hide output");'>Show output</a>

<a href="#Output-1297502382" onClick="toggleAllBoxes();">Show all outputs</a>
<div class='log' id="Output-1297502382">
2016-04-15 16:51:14 : [STEP] 个人中心用例1-1-1（插件为强登，用户未登陆），模拟宿主一账通登录 开始跑<br/>
2016-04-15 16:51:14 : [INFO] [Wait For Text : [一账通]] <br/>
2016-04-15 16:51:20 : [INFO] [点击 -> name: 一账通]<br/>
2016-04-15 16:51:22 : [INFO] 模拟向右滑动<br/>
2016-04-15 16:51:27 : [INFO] [Wait For Text : [新个人中心]] <br/>
2016-04-15 16:51:36 : [INFO] [点击 -> name: 新个人中心]<br/>
2016-04-15 16:51:42 : [INFO] [Wait For Text : [返回]] <br/>
2016-04-15 16:51:53 : [INFO] [点击 -> name: 选择登陆用户]<br/>
2016-04-15 16:52:02 : [INFO] [输入字符 -> xpath: //UIAPickerWheel]<br/>
2016-04-15 16:52:05 : [INFO] [点击 -> name: 确认]<br/>
2016-04-15 16:52:10 : [INFO] [点击 -> name: 登陆]<br/>
2016-04-15 16:52:23 : [INFO] [Wait For Text : [选择]] <br/>
2016-04-15 16:52:43 : [INFO] 个人中心用例1-1-1（插件为强登，用户未登陆），模拟宿主一账通登录 案例成功跑完<br/>
</div>
</td>
<td></td>
<td>89</td>
<td>com.rym.libarary.testsuits.PersonalCenter_Test@2344fc66</td></tr>
<tr>
<td title='com.rym.libarary.testsuits.PersonalCenter_Test.LoginPersonalCenterByHostYZT()'><b>LoginPersonalCenterByHostYZT</b><br>Test class: com.rym.libarary.testsuits.PersonalCenter_Test<br>Parameters: 测试, rymtest001<br/>
<a href="#Output-1478797373" onClick='toggleBox("Output-1478797373", this, "Show output", "Hide output");'>Show output</a>

<a href="#Output-1478797373" onClick="toggleAllBoxes();">Show all outputs</a>
<div class='log' id="Output-1478797373">
2016-04-15 16:53:20 : [STEP]  个人中心用例1-3（插件为强登，用户一账通登陆），模拟宿主一账通登录 开始跑<br/>
2016-04-15 16:53:20 : [INFO] [Wait For Text : [一账通]] <br/>
2016-04-15 16:53:27 : [INFO] [点击 -> name: 一账通]<br/>
2016-04-15 16:53:31 : [INFO] [点击 -> name: 宿主登陆]<br/>
2016-04-15 16:53:33 : [INFO] [Wait For Text : [返回]] <br/>
2016-04-15 16:53:42 : [INFO] [点击 -> name: 选择登陆用户]<br/>
2016-04-15 16:53:48 : [INFO] [输入字符 -> xpath: //UIAPickerWheel]<br/>
2016-04-15 16:53:50 : [INFO] [点击 -> name: 确认]<br/>
2016-04-15 16:53:54 : [INFO] [点击 -> name: 登陆]<br/>
2016-04-15 16:54:17 : [INFO] [Wait For Text : [rymtest001]] <br/>
2016-04-15 16:54:23 : [INFO] 模拟向右滑动<br/>
2016-04-15 16:54:28 : [INFO] [Wait For Text : [测试]] <br/>
2016-04-15 16:54:37 : [INFO] [点击 -> name: 测试]<br/>
2016-04-15 16:54:43 : [INFO] [Wait For Text : [我的订单]] <br/>
2016-04-15 16:54:48 : [INFO] 个人中心用例1-3（插件为强登，用户一账通登陆），模拟宿主一账通登录 测试通过<br/>
</div>
</td>
<td></td>
<td>88</td>
<td>com.rym.libarary.testsuits.PersonalCenter_Test@2344fc66</td></tr>
<tr>
<td title='com.rym.libarary.testsuits.PersonalCenter_Test.LoginTimeout()'><b>LoginTimeout</b><br>Test class: com.rym.libarary.testsuits.PersonalCenter_Test<br>Parameters: 新个人中心<br/>
<a href="#Output-953082513" onClick='toggleBox("Output-953082513", this, "Show output", "Hide output");'>Show output</a>

<a href="#Output-953082513" onClick="toggleAllBoxes();">Show all outputs</a>
<div class='log' id="Output-953082513">
2016-04-15 16:55:41 : [STEP]  个人中心用例1-4-2（插件为强登，用户未登陆），超时后点击 开始跑<br/>
2016-04-15 16:55:43 : [INFO] ［向下滑动］<br/>
2016-04-15 16:55:58 : [INFO] ［向下滑动］<br/>
2016-04-15 16:56:13 : [INFO] ［向下滑动］<br/>
2016-04-15 16:56:28 : [INFO] ［向下滑动］<br/>
2016-04-15 16:56:43 : [INFO] ［向下滑动］<br/>
2016-04-15 16:56:58 : [INFO] ［向下滑动］<br/>
2016-04-15 16:57:14 : [INFO] ［向下滑动］<br/>
2016-04-15 16:57:29 : [INFO] ［向下滑动］<br/>
2016-04-15 16:57:44 : [INFO] ［向下滑动］<br/>
2016-04-15 16:57:59 : [INFO] ［向下滑动］<br/>
2016-04-15 16:58:15 : [INFO] ［向下滑动］<br/>
2016-04-15 16:58:30 : [INFO] ［向下滑动］<br/>
2016-04-15 16:58:45 : [INFO] ［向下滑动］<br/>
2016-04-15 16:59:00 : [INFO] ［向下滑动］<br/>
2016-04-15 16:59:15 : [INFO] ［向下滑动］<br/>
2016-04-15 16:59:30 : [INFO] ［向下滑动］<br/>
2016-04-15 16:59:46 : [INFO] ［向下滑动］<br/>
2016-04-15 17:00:01 : [INFO] ［向下滑动］<br/>
2016-04-15 17:00:16 : [INFO] ［向下滑动］<br/>
2016-04-15 17:00:31 : [INFO] ［向下滑动］<br/>
2016-04-15 17:00:47 : [INFO] ［向下滑动］<br/>
2016-04-15 17:01:02 : [INFO] ［向下滑动］<br/>
2016-04-15 17:01:17 : [INFO] ［向下滑动］<br/>
2016-04-15 17:01:32 : [INFO] ［向下滑动］<br/>
2016-04-15 17:01:47 : [INFO] ［向下滑动］<br/>
2016-04-15 17:02:03 : [INFO] ［向下滑动］<br/>
2016-04-15 17:02:18 : [INFO] ［向下滑动］<br/>
2016-04-15 17:02:33 : [INFO] ［向下滑动］<br/>
2016-04-15 17:02:48 : [INFO] ［向下滑动］<br/>
2016-04-15 17:03:03 : [INFO] ［向下滑动］<br/>
2016-04-15 17:03:18 : [INFO] ［向下滑动］<br/>
2016-04-15 17:03:34 : [INFO] ［向下滑动］<br/>
2016-04-15 17:03:49 : [INFO] ［向下滑动］<br/>
2016-04-15 17:04:04 : [INFO] ［向下滑动］<br/>
2016-04-15 17:04:19 : [INFO] ［向下滑动］<br/>
2016-04-15 17:04:35 : [INFO] ［向下滑动］<br/>
2016-04-15 17:04:50 : [INFO] ［向下滑动］<br/>
2016-04-15 17:05:05 : [INFO] ［向下滑动］<br/>
2016-04-15 17:05:20 : [INFO] ［向下滑动］<br/>
2016-04-15 17:05:35 : [INFO] ［向下滑动］<br/>
2016-04-15 17:05:51 : [INFO] ［向下滑动］<br/>
2016-04-15 17:06:06 : [INFO] ［向下滑动］<br/>
2016-04-15 17:06:21 : [INFO] ［向下滑动］<br/>
2016-04-15 17:06:36 : [INFO] ［向下滑动］<br/>
2016-04-15 17:06:51 : [INFO] ［向下滑动］<br/>
2016-04-15 17:07:07 : [INFO] ［向下滑动］<br/>
2016-04-15 17:07:22 : [INFO] ［向下滑动］<br/>
2016-04-15 17:07:37 : [INFO] ［向下滑动］<br/>
2016-04-15 17:07:52 : [INFO] ［向下滑动］<br/>
2016-04-15 17:08:07 : [INFO] ［向下滑动］<br/>
2016-04-15 17:08:22 : [INFO] ［向下滑动］<br/>
2016-04-15 17:08:38 : [INFO] ［向下滑动］<br/>
2016-04-15 17:08:53 : [INFO] ［向下滑动］<br/>
2016-04-15 17:09:08 : [INFO] ［向下滑动］<br/>
2016-04-15 17:09:23 : [INFO] ［向下滑动］<br/>
2016-04-15 17:09:39 : [INFO] ［向下滑动］<br/>
2016-04-15 17:09:54 : [INFO] ［向下滑动］<br/>
2016-04-15 17:10:09 : [INFO] ［向下滑动］<br/>
2016-04-15 17:10:24 : [INFO] ［向下滑动］<br/>
2016-04-15 17:10:39 : [INFO] ［向下滑动］<br/>
2016-04-15 17:10:54 : [INFO] ［向下滑动］<br/>
2016-04-15 17:11:10 : [INFO] ［向下滑动］<br/>
2016-04-15 17:11:25 : [INFO] ［向下滑动］<br/>
2016-04-15 17:11:40 : [INFO] ［向下滑动］<br/>
2016-04-15 17:11:55 : [INFO] ［向下滑动］<br/>
2016-04-15 17:12:10 : [INFO] ［向下滑动］<br/>
2016-04-15 17:12:26 : [INFO] ［向下滑动］<br/>
2016-04-15 17:12:41 : [INFO] ［向下滑动］<br/>
2016-04-15 17:12:56 : [INFO] ［向下滑动］<br/>
2016-04-15 17:13:11 : [INFO] ［向下滑动］<br/>
2016-04-15 17:13:24 : [INFO] 模拟向右滑动<br/>
2016-04-15 17:13:30 : [INFO] [Wait For Text : [新个人中心]] <br/>
2016-04-15 17:13:39 : [INFO] [点击 -> name: 新个人中心]<br/>
2016-04-15 17:13:45 : [INFO] [Wait For Text : [一账通号/手机号/身份证号/邮箱]] <br/>
2016-04-15 17:13:50 : [INFO] 个人中心用例1-4-2（插件为强登，用户未登陆），超时后点击 测试通过<br/>
</div>
</td>
<td></td>
<td>1089</td>
<td>com.rym.libarary.testsuits.PersonalCenter_Test@2344fc66</td></tr>
</table><p>
</body>
</html>