<?xml version="1.0" encoding="UTF-8"?>
<!-- Generated by org.testng.reporters.JUnitXMLReporter -->
<testsuite hostname="rymtestdeMac-mini.local" name="Default test" tests="2" failures="0" timestamp="17 Mar 2016 03:38:22 GMT" time="0.034" errors="0">
  <testcase name="@BeforeSuite beforeSuite" time="0.0" classname="com.rym.libarary.testsuits.OpenPlugin_Test">
    <failure type="org.testng.TestNGException" message="
Parameter &amp;apos;filePath&amp;apos; is required by @Configuration on method beforeSuite but has not been marked @Optional or defined
in /private/var/folders/l3/qx23fsz520zcmw0p6xy2h9l40000gn/T/testng-eclipse--514799034/testng-customsuite.xml">
      <![CDATA[org.testng.TestNGException: 
Parameter 'filePath' is required by @Configuration on method beforeSuite but has not been marked @Optional or defined
in /private/var/folders/l3/qx23fsz520zcmw0p6xy2h9l40000gn/T/testng-eclipse--514799034/testng-customsuite.xml
	at org.testng.internal.Parameters.createParameters(Parameters.java:155)
	at org.testng.internal.Parameters.createParameters(Parameters.java:358)
	at org.testng.internal.Parameters.createConfigurationParameters(Parameters.java:86)
	at org.testng.internal.Invoker.invokeConfigurations(Invoker.java:199)
	at org.testng.internal.Invoker.invokeConfigurations(Invoker.java:138)
	at org.testng.SuiteRunner.privateRun(SuiteRunner.java:277)
	at org.testng.SuiteRunner.run(SuiteRunner.java:240)
	at org.testng.SuiteRunnerWorker.runSuite(SuiteRunnerWorker.java:52)
	at org.testng.SuiteRunnerWorker.run(SuiteRunnerWorker.java:86)
	at org.testng.TestNG.runSuitesSequentially(TestNG.java:1224)
	at org.testng.TestNG.runSuitesLocally(TestNG.java:1149)
	at org.testng.TestNG.run(TestNG.java:1057)
	at org.testng.remote.RemoteTestNG.run(RemoteTestNG.java:111)
	at org.testng.remote.RemoteTestNG.initAndRun(RemoteTestNG.java:204)
	at org.testng.remote.RemoteTestNG.main(RemoteTestNG.java:175)
]]>
    </failure>
  </testcase> <!-- @BeforeSuite beforeSuite -->
  <testcase name="clickPluginList" time="0.004" classname="com.rym.libarary.testsuits.OpenPlugin_Test">
    <skipped/>
  </testcase> <!-- clickPluginList -->
  <testcase name="clickPluginList2" time="0.001" classname="com.rym.libarary.testsuits.OpenPlugin_Test">
    <skipped/>
  </testcase> <!-- clickPluginList2 -->
</testsuite> <!-- Default test -->
