<?xml version="1.0" encoding="UTF-8"?>
<!-- Generated by org.testng.reporters.JUnitReportReporter -->
<testsuite hostname="rymtestdeMac-mini.local" name="com.rym.libarary.testsuits.MsgCenter_Test" tests="1" failures="1" timestamp="7 Apr 2016 08:22:46 GMT" time="35.069" errors="0">
  <testcase name="ClearMsg" time="35.069" classname="com.rym.libarary.testsuits.MsgCenter_Test">
    <failure type="org.openqa.selenium.WebDriverException" message="An unknown server-side error occurred while processing the command. (WARNING: The server did not provide any stacktrace information)
Command duration or timeout: 1.31 seconds
Build info: version: &#039;2.46.0&#039;, revision: &#039;87c69e2&#039;, time: &#039;2015-06-04 16:17:10&#039;
System info: host: &#039;rymtestdeMac-mini.local&#039;, ip: &#039;10.180.186.64&#039;, os.name: &#039;Mac OS X&#039;, os.arch: &#039;x86_64&#039;, os.version: &#039;10.10.5&#039;, java.version: &#039;1.8.0_40&#039;
Driver info: io.appium.java_client.ios.IOSDriver
Capabilities [{app=/Users/rymtest/Desktop/app_package/PAAnydoorSDK1130-1108.ipa, appPackage=, networkConnectionEnabled=false, warnings={}, appiumVersion=1.0, databaseEnabled=false, deviceName=娱乐 (2), platform=MAC, appActivity=, desired={app=/Users/rymtest/Desktop/app_package/PAAnydoorSDK1130-1108.ipa, appPackage=, appActivity=, appiumVersion=1.0, platformVersion=9.0, unicodeKeyboard=true, platformName=iOS, udid=8f023bbd000d58e34cfea2fdca1a8901d3123291, deviceName=娱乐 (2), resetKeyboard=true}, platformVersion=9.0, webStorageEnabled=false, locationContextEnabled=false, browserName=iOS, takesScreenshot=true, javascriptEnabled=true, unicodeKeyboard=true, platformName=iOS, udid=8f023bbd000d58e34cfea2fdca1a8901d3123291, resetKeyboard=true}]
Session ID: b7ce397b-e903-4526-a93c-2b979df8b300">
      <![CDATA[org.openqa.selenium.WebDriverException: An unknown server-side error occurred while processing the command. (WARNING: The server did not provide any stacktrace information)
Command duration or timeout: 1.31 seconds
Build info: version: '2.46.0', revision: '87c69e2', time: '2015-06-04 16:17:10'
System info: host: 'rymtestdeMac-mini.local', ip: '10.180.186.64', os.name: 'Mac OS X', os.arch: 'x86_64', os.version: '10.10.5', java.version: '1.8.0_40'
Driver info: io.appium.java_client.ios.IOSDriver
Capabilities [{app=/Users/rymtest/Desktop/app_package/PAAnydoorSDK1130-1108.ipa, appPackage=, networkConnectionEnabled=false, warnings={}, appiumVersion=1.0, databaseEnabled=false, deviceName=娱乐 (2), platform=MAC, appActivity=, desired={app=/Users/rymtest/Desktop/app_package/PAAnydoorSDK1130-1108.ipa, appPackage=, appActivity=, appiumVersion=1.0, platformVersion=9.0, unicodeKeyboard=true, platformName=iOS, udid=8f023bbd000d58e34cfea2fdca1a8901d3123291, deviceName=娱乐 (2), resetKeyboard=true}, platformVersion=9.0, webStorageEnabled=false, locationContextEnabled=false, browserName=iOS, takesScreenshot=true, javascriptEnabled=true, unicodeKeyboard=true, platformName=iOS, udid=8f023bbd000d58e34cfea2fdca1a8901d3123291, resetKeyboard=true}]
Session ID: b7ce397b-e903-4526-a93c-2b979df8b300
	at sun.reflect.NativeConstructorAccessorImpl.newInstance0(Native Method)
	at sun.reflect.NativeConstructorAccessorImpl.newInstance(NativeConstructorAccessorImpl.java:62)
	at sun.reflect.DelegatingConstructorAccessorImpl.newInstance(DelegatingConstructorAccessorImpl.java:45)
	at java.lang.reflect.Constructor.newInstance(Constructor.java:422)
	at org.openqa.selenium.remote.ErrorHandler.createThrowable(ErrorHandler.java:204)
	at org.openqa.selenium.remote.ErrorHandler.throwIfResponseFailed(ErrorHandler.java:156)
	at org.openqa.selenium.remote.RemoteWebDriver.execute(RemoteWebDriver.java:605)
	at io.appium.java_client.DefaultGenericMobileDriver.execute(DefaultGenericMobileDriver.java:27)
	at io.appium.java_client.AppiumDriver.execute(AppiumDriver.java:1)
	at io.appium.java_client.ios.IOSDriver.execute(IOSDriver.java:1)
	at org.openqa.selenium.remote.RemoteWebElement.execute(RemoteWebElement.java:269)
	at io.appium.java_client.DefaultGenericMobileElement.execute(DefaultGenericMobileElement.java:27)
	at io.appium.java_client.MobileElement.execute(MobileElement.java:1)
	at io.appium.java_client.ios.IOSElement.execute(IOSElement.java:1)
	at org.openqa.selenium.remote.RemoteWebElement.click(RemoteWebElement.java:80)
	at com.rym.libarary.testsuits.MsgCenter_Test.ClearMsg(MsgCenter_Test.java:186)
	at sun.reflect.NativeMethodAccessorImpl.invoke0(Native Method)
	at sun.reflect.NativeMethodAccessorImpl.invoke(NativeMethodAccessorImpl.java:62)
	at sun.reflect.DelegatingMethodAccessorImpl.invoke(DelegatingMethodAccessorImpl.java:43)
	at java.lang.reflect.Method.invoke(Method.java:497)
	at org.testng.internal.MethodInvocationHelper.invokeMethod(MethodInvocationHelper.java:84)
	at org.testng.internal.Invoker.invokeMethod(Invoker.java:714)
	at org.testng.internal.Invoker.invokeTestMethod(Invoker.java:901)
	at org.testng.internal.Invoker.invokeTestMethods(Invoker.java:1231)
	at org.testng.internal.TestMethodWorker.invokeTestMethods(TestMethodWorker.java:127)
	at org.testng.internal.TestMethodWorker.run(TestMethodWorker.java:111)
	at org.testng.TestRunner.privateRun(TestRunner.java:767)
	at org.testng.TestRunner.run(TestRunner.java:617)
	at org.testng.SuiteRunner.runTest(SuiteRunner.java:334)
	at org.testng.SuiteRunner.runSequentially(SuiteRunner.java:329)
	at org.testng.SuiteRunner.privateRun(SuiteRunner.java:291)
	at org.testng.SuiteRunner.run(SuiteRunner.java:240)
	at org.testng.SuiteRunnerWorker.runSuite(SuiteRunnerWorker.java:52)
	at org.testng.SuiteRunnerWorker.run(SuiteRunnerWorker.java:86)
	at org.testng.TestNG.runSuitesSequentially(TestNG.java:1224)
	at org.testng.TestNG.runSuitesLocally(TestNG.java:1149)
	at org.testng.TestNG.run(TestNG.java:1057)
	at org.testng.remote.RemoteTestNG.run(RemoteTestNG.java:111)
	at org.testng.remote.RemoteTestNG.initAndRun(RemoteTestNG.java:204)
	at org.testng.remote.RemoteTestNG.main(RemoteTestNG.java:175)
]]>
    </failure>
  </testcase> <!-- ClearMsg -->
</testsuite> <!-- com.rym.libarary.testsuits.MsgCenter_Test -->
